Determining if the pthread_create exist failed with the following output:
Change Dir: /home/bolduc/AUE893_Bolduc/build/CMakeFiles/CMakeTmp

Run Build Command:/usr/bin/make "cmTryCompileExec262652970/fast"
/usr/bin/make -f CMakeFiles/cmTryCompileExec262652970.dir/build.make CMakeFiles/cmTryCompileExec262652970.dir/build
make[1]: Entering directory `/home/bolduc/AUE893_Bolduc/build/CMakeFiles/CMakeTmp'
/usr/bin/cmake -E cmake_progress_report /home/bolduc/AUE893_Bolduc/build/CMakeFiles/CMakeTmp/CMakeFiles 1
Building C object CMakeFiles/cmTryCompileExec262652970.dir/CheckSymbolExists.c.o
/usr/bin/cc    -o CMakeFiles/cmTryCompileExec262652970.dir/CheckSymbolExists.c.o   -c /home/bolduc/AUE893_Bolduc/build/CMakeFiles/CMakeTmp/CheckSymbolExists.c
Linking C executable cmTryCompileExec262652970
/usr/bin/cmake -E cmake_link_script CMakeFiles/cmTryCompileExec262652970.dir/link.txt --verbose=1
/usr/bin/cc       CMakeFiles/cmTryCompileExec262652970.dir/CheckSymbolExists.c.o  -o cmTryCompileExec262652970 -rdynamic 
CMakeFiles/cmTryCompileExec262652970.dir/CheckSymbolExists.c.o: In function `main':
CheckSymbolExists.c:(.text+0x16): undefined reference to `pthread_create'
collect2: error: ld returned 1 exit status
make[1]: Leaving directory `/home/bolduc/AUE893_Bolduc/build/CMakeFiles/CMakeTmp'
make[1]: *** [cmTryCompileExec262652970] Error 1
make: *** [cmTryCompileExec262652970/fast] Error 2

File /home/bolduc/AUE893_Bolduc/build/CMakeFiles/CMakeTmp/CheckSymbolExists.c:
/* */
#include <pthread.h>

int main(int argc, char** argv)
{
  (void)argv;
#ifndef pthread_create
  return ((int*)(&pthread_create))[argc];
#else
  (void)argc;
  return 0;
#endif
}

Determining if the function pthread_create exists in the pthreads failed with the following output:
Change Dir: /home/bolduc/AUE893_Bolduc/build/CMakeFiles/CMakeTmp

Run Build Command:/usr/bin/make "cmTryCompileExec3646798331/fast"
/usr/bin/make -f CMakeFiles/cmTryCompileExec3646798331.dir/build.make CMakeFiles/cmTryCompileExec3646798331.dir/build
make[1]: Entering directory `/home/bolduc/AUE893_Bolduc/build/CMakeFiles/CMakeTmp'
/usr/bin/cmake -E cmake_progress_report /home/bolduc/AUE893_Bolduc/build/CMakeFiles/CMakeTmp/CMakeFiles 1
Building C object CMakeFiles/cmTryCompileExec3646798331.dir/CheckFunctionExists.c.o
/usr/bin/cc   -DCHECK_FUNCTION_EXISTS=pthread_create   -o CMakeFiles/cmTryCompileExec3646798331.dir/CheckFunctionExists.c.o   -c /usr/share/cmake-2.8/Modules/CheckFunctionExists.c
Linking C executable cmTryCompileExec3646798331
/usr/bin/cmake -E cmake_link_script CMakeFiles/cmTryCompileExec3646798331.dir/link.txt --verbose=1
/usr/bin/cc   -DCHECK_FUNCTION_EXISTS=pthread_create    CMakeFiles/cmTryCompileExec3646798331.dir/CheckFunctionExists.c.o  -o cmTryCompileExec3646798331 -rdynamic -lpthreads 
/usr/bin/ld: cannot find -lpthreads
collect2: error: ld returned 1 exit status
make[1]: *** [cmTryCompileExec3646798331] Error 1
make[1]: Leaving directory `/home/bolduc/AUE893_Bolduc/build/CMakeFiles/CMakeTmp'
make: *** [cmTryCompileExec3646798331/fast] Error 2


